<?xml version="1.0" encoding="UTF-8"?>
<!-- Generated by org.testng.reporters.JUnitReportReporter -->
<testsuite hostname="WL-43502557" failures="0" tests="4" name="tests.LoginTest" time="8.003" errors="0" timestamp="2026-05-21T10:34:04 IST" skipped="0">
  <testcase classname="tests.LoginTest" name="enterUsername" time="1.975"/>
  <testcase classname="tests.LoginTest" name="enterPassword" time="2.059"/>
  <testcase classname="tests.LoginTest" name="clickLogin" time="2.051"/>
  <testcase classname="tests.LoginTest" name="verifyLogin" time="1.918"/>
</testsuite> <!-- tests.LoginTest -->
