<?xml version="1.0" encoding="UTF-8"?>
<!-- Generated by org.testng.reporters.JUnitXMLReporter -->
<testsuite ignored="0" hostname="WL-43502557" failures="0" tests="6" name="Surefire test" time="13.696" errors="0" timestamp="2026-05-21T10:34:04 IST">
  <testcase classname="tests.DashboardTest" name="verifyDashboardTitle" time="0.014"/>
  <testcase classname="tests.DashboardTest" name="verifyURL" time="0.006"/>
  <testcase classname="tests.LoginTest" name="enterUsername" time="0.122"/>
  <testcase classname="tests.LoginTest" name="enterPassword" time="0.109"/>
  <testcase classname="tests.LoginTest" name="clickLogin" time="0.102"/>
  <testcase classname="tests.LoginTest" name="verifyLogin" time="0.0"/>
</testsuite> <!-- Surefire test -->
