<?xml version="1.0" encoding="UTF-8"?>
<!-- Generated by org.testng.reporters.JUnitXMLReporter -->
<testsuite ignored="0" hostname="WL-43502557" failures="0" tests="6" name="TestClasses" time="16.555" errors="0" timestamp="2026-05-08T20:46:11 IST">
  <testcase classname="tests.LoginTest" name="enterUsername" time="0.65"/>
  <testcase classname="tests.DashboardTest" name="verifyDashboardTitle" time="0.723"/>
  <testcase classname="tests.LoginTest" name="enterPassword" time="0.165"/>
  <testcase classname="tests.DashboardTest" name="verifyURL" time="0.02"/>
  <testcase classname="tests.LoginTest" name="clickLogin" time="1.309"/>
  <testcase classname="tests.LoginTest" name="verifyLogin" time="0.0"/>
</testsuite> <!-- TestClasses -->
