<?xml version="1.0" encoding="UTF-8"?>
<!-- Generated by org.testng.reporters.JUnitReportReporter -->
<testsuite hostname="WL-43502557" failures="0" tests="4" name="tests.LoginTest" time="16.457" errors="0" timestamp="2026-05-08T20:46:11 IST" skipped="0">
  <testcase classname="tests.LoginTest" name="enterUsername" time="6.603"/>
  <testcase classname="tests.LoginTest" name="enterPassword" time="2.935"/>
  <testcase classname="tests.LoginTest" name="clickLogin" time="3.110"/>
  <testcase classname="tests.LoginTest" name="verifyLogin" time="3.809"/>
</testsuite> <!-- tests.LoginTest -->
