<?xml version="1.0" encoding="UTF-8"?>
<testng-results ignored="0" total="6" passed="6" failed="0" skipped="0">
  <reporter-output>
  </reporter-output>
  <suite started-at="2026-05-21T10:33:50 IST" name="Surefire suite" finished-at="2026-05-21T10:34:04 IST" duration-ms="13696">
    <groups>
    </groups>
    <test started-at="2026-05-21T10:33:50 IST" name="Surefire test" finished-at="2026-05-21T10:34:04 IST" duration-ms="13696">
      <class name="tests.LoginTest">
        <test-method is-config="true" signature="setup()[pri:0, instance:tests.LoginTest@25d250c6]" started-at="2026-05-21T10:33:56 IST" name="setup" finished-at="2026-05-21T10:33:57 IST" duration-ms="1777" status="PASS">
          <reporter-output>
          </reporter-output>
        </test-method> <!-- setup -->
        <test-method signature="enterUsername()[pri:1, instance:tests.LoginTest@25d250c6]" started-at="2026-05-21T10:33:57 IST" name="enterUsername" finished-at="2026-05-21T10:33:57 IST" duration-ms="122" status="PASS">
          <reporter-output>
          </reporter-output>
        </test-method> <!-- enterUsername -->
        <test-method is-config="true" signature="tearDown()[pri:0, instance:tests.LoginTest@25d250c6]" started-at="2026-05-21T10:33:57 IST" name="tearDown" finished-at="2026-05-21T10:33:58 IST" duration-ms="155" status="PASS">
          <reporter-output>
          </reporter-output>
        </test-method> <!-- tearDown -->
        <test-method is-config="true" signature="setup()[pri:0, instance:tests.LoginTest@25d250c6]" started-at="2026-05-21T10:33:58 IST" name="setup" finished-at="2026-05-21T10:33:59 IST" duration-ms="1755" status="PASS">
          <reporter-output>
          </reporter-output>
        </test-method> <!-- setup -->
        <test-method signature="enterPassword()[pri:2, instance:tests.LoginTest@25d250c6]" started-at="2026-05-21T10:33:59 IST" name="enterPassword" finished-at="2026-05-21T10:34:00 IST" depends-on-methods="tests.LoginTest.enterUsername" duration-ms="109" status="PASS">
          <reporter-output>
          </reporter-output>
        </test-method> <!-- enterPassword -->
        <test-method is-config="true" signature="tearDown()[pri:0, instance:tests.LoginTest@25d250c6]" started-at="2026-05-21T10:34:00 IST" name="tearDown" finished-at="2026-05-21T10:34:00 IST" duration-ms="172" status="PASS">
          <reporter-output>
          </reporter-output>
        </test-method> <!-- tearDown -->
        <test-method is-config="true" signature="setup()[pri:0, instance:tests.LoginTest@25d250c6]" started-at="2026-05-21T10:34:00 IST" name="setup" finished-at="2026-05-21T10:34:01 IST" duration-ms="1698" status="PASS">
          <reporter-output>
          </reporter-output>
        </test-method> <!-- setup -->
        <test-method signature="clickLogin()[pri:3, instance:tests.LoginTest@25d250c6]" started-at="2026-05-21T10:34:01 IST" name="clickLogin" finished-at="2026-05-21T10:34:01 IST" depends-on-methods="tests.LoginTest.enterUsername, tests.LoginTest.enterPassword" duration-ms="102" status="PASS">
          <reporter-output>
          </reporter-output>
        </test-method> <!-- clickLogin -->
        <test-method is-config="true" signature="tearDown()[pri:0, instance:tests.LoginTest@25d250c6]" started-at="2026-05-21T10:34:01 IST" name="tearDown" finished-at="2026-05-21T10:34:02 IST" duration-ms="163" status="PASS">
          <reporter-output>
          </reporter-output>
        </test-method> <!-- tearDown -->
        <test-method is-config="true" signature="setup()[pri:0, instance:tests.LoginTest@25d250c6]" started-at="2026-05-21T10:34:02 IST" name="setup" finished-at="2026-05-21T10:34:03 IST" duration-ms="1797" status="PASS">
          <reporter-output>
          </reporter-output>
        </test-method> <!-- setup -->
        <test-method signature="verifyLogin()[pri:4, instance:tests.LoginTest@25d250c6]" started-at="2026-05-21T10:34:03 IST" name="verifyLogin" finished-at="2026-05-21T10:34:03 IST" depends-on-methods="tests.LoginTest.clickLogin" duration-ms="0" status="PASS">
          <reporter-output>
          </reporter-output>
        </test-method> <!-- verifyLogin -->
        <test-method is-config="true" signature="tearDown()[pri:0, instance:tests.LoginTest@25d250c6]" started-at="2026-05-21T10:34:03 IST" name="tearDown" finished-at="2026-05-21T10:34:04 IST" duration-ms="153" status="PASS">
          <reporter-output>
          </reporter-output>
        </test-method> <!-- tearDown -->
      </class> <!-- tests.LoginTest -->
      <class name="tests.DashboardTest">
        <test-method is-config="true" signature="setup()[pri:0, instance:tests.DashboardTest@45b9a632]" started-at="2026-05-21T10:33:50 IST" name="setup" finished-at="2026-05-21T10:33:53 IST" duration-ms="3465" status="PASS">
          <reporter-output>
          </reporter-output>
        </test-method> <!-- setup -->
        <test-method signature="verifyDashboardTitle()[pri:1, instance:tests.DashboardTest@45b9a632]" started-at="2026-05-21T10:33:53 IST" name="verifyDashboardTitle" finished-at="2026-05-21T10:33:53 IST" duration-ms="14" status="PASS">
          <reporter-output>
          </reporter-output>
        </test-method> <!-- verifyDashboardTitle -->
        <test-method is-config="true" signature="tearDown()[pri:0, instance:tests.DashboardTest@45b9a632]" started-at="2026-05-21T10:33:53 IST" name="tearDown" finished-at="2026-05-21T10:33:54 IST" duration-ms="226" status="PASS">
          <reporter-output>
          </reporter-output>
        </test-method> <!-- tearDown -->
        <test-method is-config="true" signature="setup()[pri:0, instance:tests.DashboardTest@45b9a632]" started-at="2026-05-21T10:33:54 IST" name="setup" finished-at="2026-05-21T10:33:55 IST" duration-ms="1749" status="PASS">
          <reporter-output>
          </reporter-output>
        </test-method> <!-- setup -->
        <test-method signature="verifyURL()[pri:2, instance:tests.DashboardTest@45b9a632]" started-at="2026-05-21T10:33:55 IST" name="verifyURL" finished-at="2026-05-21T10:33:55 IST" depends-on-methods="tests.DashboardTest.verifyDashboardTitle" duration-ms="6" status="PASS">
          <reporter-output>
          </reporter-output>
        </test-method> <!-- verifyURL -->
        <test-method is-config="true" signature="tearDown()[pri:0, instance:tests.DashboardTest@45b9a632]" started-at="2026-05-21T10:33:55 IST" name="tearDown" finished-at="2026-05-21T10:33:56 IST" duration-ms="155" status="PASS">
          <reporter-output>
          </reporter-output>
        </test-method> <!-- tearDown -->
      </class> <!-- tests.DashboardTest -->
    </test> <!-- Surefire test -->
  </suite> <!-- Surefire suite -->
</testng-results>
