<?xml version="1.0" encoding="UTF-8"?>
<testng-results ignored="0" total="1" passed="1" failed="0" skipped="0">
  <reporter-output>
  </reporter-output>
  <suite started-at="2026-05-18T16:52:24 IST" name="Default suite" finished-at="2026-05-18T16:52:37 IST" duration-ms="12705">
    <groups>
    </groups>
    <test started-at="2026-05-18T16:52:24 IST" name="Default test" finished-at="2026-05-18T16:52:37 IST" duration-ms="12705">
      <class name="testscripts.TableDemoExample">
        <test-method signature="tablehandling()[pri:0, instance:testscripts.TableDemoExample@7cc0cdad]" started-at="2026-05-18T16:52:24 IST" name="tablehandling" finished-at="2026-05-18T16:52:37 IST" duration-ms="12652" status="PASS">
          <reporter-output>
          </reporter-output>
        </test-method> <!-- tablehandling -->
      </class> <!-- testscripts.TableDemoExample -->
    </test> <!-- Default test -->
  </suite> <!-- Default suite -->
</testng-results>
