<?xml version="1.0" encoding="UTF-8"?>
<testng-results ignored="0" total="6" passed="6" failed="0" skipped="0">
  <reporter-output>
  </reporter-output>
  <suite started-at="2026-05-08T20:45:55 IST" name="Suite" finished-at="2026-05-08T20:46:11 IST" duration-ms="16555">
    <groups>
    </groups>
    <test started-at="2026-05-08T20:45:55 IST" name="TestClasses" finished-at="2026-05-08T20:46:11 IST" duration-ms="16555">
      <class name="tests.LoginTest">
        <test-method is-config="true" signature="setup()[pri:0, instance:tests.LoginTest@6069db50]" started-at="2026-05-08T20:45:55 IST" name="setup" finished-at="2026-05-08T20:46:00 IST" duration-ms="5752" status="PASS">
          <reporter-output>
          </reporter-output>
        </test-method> <!-- setup -->
        <test-method signature="enterUsername()[pri:1, instance:tests.LoginTest@6069db50]" started-at="2026-05-08T20:46:00 IST" name="enterUsername" finished-at="2026-05-08T20:46:01 IST" duration-ms="650" status="PASS">
          <reporter-output>
          </reporter-output>
        </test-method> <!-- enterUsername -->
        <test-method is-config="true" signature="tearDown()[pri:0, instance:tests.LoginTest@6069db50]" started-at="2026-05-08T20:46:01 IST" name="tearDown" finished-at="2026-05-08T20:46:01 IST" duration-ms="217" status="PASS">
          <reporter-output>
          </reporter-output>
        </test-method> <!-- tearDown -->
        <test-method is-config="true" signature="setup()[pri:0, instance:tests.LoginTest@6069db50]" started-at="2026-05-08T20:46:01 IST" name="setup" finished-at="2026-05-08T20:46:04 IST" duration-ms="2553" status="PASS">
          <reporter-output>
          </reporter-output>
        </test-method> <!-- setup -->
        <test-method signature="enterPassword()[pri:2, instance:tests.LoginTest@6069db50]" started-at="2026-05-08T20:46:04 IST" name="enterPassword" finished-at="2026-05-08T20:46:04 IST" depends-on-methods="tests.LoginTest.enterUsername" duration-ms="165" status="PASS">
          <reporter-output>
          </reporter-output>
        </test-method> <!-- enterPassword -->
        <test-method is-config="true" signature="tearDown()[pri:0, instance:tests.LoginTest@6069db50]" started-at="2026-05-08T20:46:04 IST" name="tearDown" finished-at="2026-05-08T20:46:04 IST" duration-ms="201" status="PASS">
          <reporter-output>
          </reporter-output>
        </test-method> <!-- tearDown -->
        <test-method is-config="true" signature="setup()[pri:0, instance:tests.LoginTest@6069db50]" started-at="2026-05-08T20:46:04 IST" name="setup" finished-at="2026-05-08T20:46:06 IST" duration-ms="1621" status="PASS">
          <reporter-output>
          </reporter-output>
        </test-method> <!-- setup -->
        <test-method signature="clickLogin()[pri:3, instance:tests.LoginTest@6069db50]" started-at="2026-05-08T20:46:06 IST" name="clickLogin" finished-at="2026-05-08T20:46:07 IST" depends-on-methods="tests.LoginTest.enterUsername, tests.LoginTest.enterPassword" duration-ms="1309" status="PASS">
          <reporter-output>
          </reporter-output>
        </test-method> <!-- clickLogin -->
        <test-method is-config="true" signature="tearDown()[pri:0, instance:tests.LoginTest@6069db50]" started-at="2026-05-08T20:46:07 IST" name="tearDown" finished-at="2026-05-08T20:46:07 IST" duration-ms="176" status="PASS">
          <reporter-output>
          </reporter-output>
        </test-method> <!-- tearDown -->
        <test-method is-config="true" signature="setup()[pri:0, instance:tests.LoginTest@6069db50]" started-at="2026-05-08T20:46:07 IST" name="setup" finished-at="2026-05-08T20:46:11 IST" duration-ms="3633" status="PASS">
          <reporter-output>
          </reporter-output>
        </test-method> <!-- setup -->
        <test-method signature="verifyLogin()[pri:4, instance:tests.LoginTest@6069db50]" started-at="2026-05-08T20:46:11 IST" name="verifyLogin" finished-at="2026-05-08T20:46:11 IST" depends-on-methods="tests.LoginTest.clickLogin" duration-ms="0" status="PASS">
          <reporter-output>
          </reporter-output>
        </test-method> <!-- verifyLogin -->
        <test-method is-config="true" signature="tearDown()[pri:0, instance:tests.LoginTest@6069db50]" started-at="2026-05-08T20:46:11 IST" name="tearDown" finished-at="2026-05-08T20:46:11 IST" duration-ms="180" status="PASS">
          <reporter-output>
          </reporter-output>
        </test-method> <!-- tearDown -->
      </class> <!-- tests.LoginTest -->
      <class name="tests.DashboardTest">
        <test-method is-config="true" signature="setup()[pri:0, instance:tests.DashboardTest@65fb9ffc]" started-at="2026-05-08T20:45:55 IST" name="setup" finished-at="2026-05-08T20:46:01 IST" duration-ms="6388" status="PASS">
          <reporter-output>
          </reporter-output>
        </test-method> <!-- setup -->
        <test-method signature="verifyDashboardTitle()[pri:1, instance:tests.DashboardTest@65fb9ffc]" started-at="2026-05-08T20:46:01 IST" name="verifyDashboardTitle" finished-at="2026-05-08T20:46:02 IST" duration-ms="723" status="PASS">
          <reporter-output>
          </reporter-output>
        </test-method> <!-- verifyDashboardTitle -->
        <test-method is-config="true" signature="tearDown()[pri:0, instance:tests.DashboardTest@65fb9ffc]" started-at="2026-05-08T20:46:02 IST" name="tearDown" finished-at="2026-05-08T20:46:02 IST" duration-ms="193" status="PASS">
          <reporter-output>
          </reporter-output>
        </test-method> <!-- tearDown -->
        <test-method is-config="true" signature="setup()[pri:0, instance:tests.DashboardTest@65fb9ffc]" started-at="2026-05-08T20:46:02 IST" name="setup" finished-at="2026-05-08T20:46:06 IST" duration-ms="3789" status="PASS">
          <reporter-output>
          </reporter-output>
        </test-method> <!-- setup -->
        <test-method signature="verifyURL()[pri:2, instance:tests.DashboardTest@65fb9ffc]" started-at="2026-05-08T20:46:06 IST" name="verifyURL" finished-at="2026-05-08T20:46:06 IST" depends-on-methods="tests.DashboardTest.verifyDashboardTitle" duration-ms="20" status="PASS">
          <reporter-output>
          </reporter-output>
        </test-method> <!-- verifyURL -->
        <test-method is-config="true" signature="tearDown()[pri:0, instance:tests.DashboardTest@65fb9ffc]" started-at="2026-05-08T20:46:06 IST" name="tearDown" finished-at="2026-05-08T20:46:06 IST" duration-ms="156" status="PASS">
          <reporter-output>
          </reporter-output>
        </test-method> <!-- tearDown -->
      </class> <!-- tests.DashboardTest -->
    </test> <!-- TestClasses -->
  </suite> <!-- Suite -->
</testng-results>
